<?xml version="1.0" encoding="UTF-8"?>
<!-- Generated by org.testng.reporters.JUnitReportReporter -->
<testsuite hostname="MCTS-BLR-2031" failures="0" tests="1" name="Demo.ty.Login" time="2.125" errors="0" timestamp="2024-04-10T12:39:32 IST" skipped="0">
  <testcase classname="Demo.ty.Login" name="loginTest" time="2.125"/>
</testsuite> <!-- Demo.ty.Login -->
